This is pdfTeX, Version 3.14159265-2.6-1.40.18 (TeX Live 2017) (preloaded format=pdflatex 2017.10.8)  22 JUN 2018 13:29
entering extended mode
 restricted \write18 enabled.
 file:line:error style messages enabled.
 %&-line parsing enabled.
**\input output.tex
(./output.tex
(/usr/local/texlive/2017/texmf-dist/tex/latex/koma-script/scrartcl.cls
Document Class: scrartcl 2017/04/13 v3.23 KOMA-Script document class (article)
(/usr/local/texlive/2017/texmf-dist/tex/latex/koma-script/scrkbase.sty
Package: scrkbase 2017/04/13 v3.23 KOMA-Script package (KOMA-Script-dependent b
asics and keyval usage)

(/usr/local/texlive/2017/texmf-dist/tex/latex/koma-script/scrbase.sty
Package: scrbase 2017/04/13 v3.23 KOMA-Script package (KOMA-Script-independent 
basics and keyval usage)

(/usr/local/texlive/2017/texmf-dist/tex/latex/graphics/keyval.sty
Package: keyval 2014/10/28 v1.15 key=value parser (DPC)
\KV@toks@=\toks14
)
(/usr/local/texlive/2017/texmf-dist/tex/latex/koma-script/scrlfile.sty
Package: scrlfile 2017/04/13 v3.23 KOMA-Script package (loading files)

Package scrlfile, 2017/04/13 v3.23 KOMA-Script package (loading files)
                  Copyright (C) Markus Kohm

))) (/usr/local/texlive/2017/texmf-dist/tex/latex/koma-script/tocbasic.sty
Package: tocbasic 2017/04/13 v3.23 KOMA-Script package (handling toc-files)
\scr@dte@tocline@numberwidth=\skip41
\scr@dte@tocline@numbox=\box26
)
Package tocbasic Info: omitting babel extension for `toc'
(tocbasic)             because of feature `nobabel' available
(tocbasic)             for `toc' on input line 131.
Package tocbasic Info: omitting babel extension for `lof'
(tocbasic)             because of feature `nobabel' available
(tocbasic)             for `lof' on input line 133.
Package tocbasic Info: omitting babel extension for `lot'
(tocbasic)             because of feature `nobabel' available
(tocbasic)             for `lot' on input line 134.
Class scrartcl Info: File `scrsize11pt.clo' used instead of
(scrartcl)           file `scrsize11.clo' to setup font sizes on input line 205
9.

(/usr/local/texlive/2017/texmf-dist/tex/latex/koma-script/scrsize11pt.clo
File: scrsize11pt.clo 2017/04/13 v3.23 KOMA-Script font size class option (11pt
)
)
(/usr/local/texlive/2017/texmf-dist/tex/latex/koma-script/typearea.sty
Package: typearea 2017/04/13 v3.23 KOMA-Script package (type area)
\ta@bcor=\skip42
\ta@div=\count79
\ta@hblk=\skip43
\ta@vblk=\skip44
\ta@temp=\skip45
\footheight=\skip46
Package typearea Info: These are the values describing the layout:
(typearea)             DIV  = 10
(typearea)             BCOR = 0.0pt
(typearea)             \paperwidth      = 597.50793pt
(typearea)              \textwidth      = 418.25555pt
(typearea)              DIV departure   = -6%
(typearea)              \evensidemargin = 17.3562pt
(typearea)              \oddsidemargin  = 17.3562pt
(typearea)             \paperheight     = 845.04694pt
(typearea)              \textheight     = 595.80026pt
(typearea)              \topmargin      = -25.16531pt
(typearea)              \headheight     = 17.0pt
(typearea)              \headsep        = 20.40001pt
(typearea)              \topskip        = 11.0pt
(typearea)              \footskip       = 47.6pt
(typearea)              \baselineskip   = 13.6pt
(typearea)              on input line 1647.
)
\c@part=\count80
\c@section=\count81
\c@subsection=\count82
\c@subsubsection=\count83
\c@paragraph=\count84
\c@subparagraph=\count85
\scr@dte@part@maxnumwidth=\skip47
\scr@dte@section@maxnumwidth=\skip48
\scr@dte@subsection@maxnumwidth=\skip49
\scr@dte@subsubsection@maxnumwidth=\skip50
\scr@dte@paragraph@maxnumwidth=\skip51
\scr@dte@subparagraph@maxnumwidth=\skip52
LaTeX Info: Redefining \textsubscript on input line 4094.
\abovecaptionskip=\skip53
\belowcaptionskip=\skip54
\c@pti@nb@sid@b@x=\box27
\c@figure=\count86
\c@table=\count87
Class scrartcl Info: Redefining `\numberline' on input line 5233.
\bibindent=\dimen102
)
(/usr/local/texlive/2017/texmf-dist/tex/latex/tools/longtable.sty
Package: longtable 2014/10/28 v4.11 Multi-page Table package (DPC)
\LTleft=\skip55
\LTright=\skip56
\LTpre=\skip57
\LTpost=\skip58
\LTchunksize=\count88
\LTcapwidth=\dimen103
\LT@head=\box28
\LT@firsthead=\box29
\LT@foot=\box30
\LT@lastfoot=\box31
\LT@cols=\count89
\LT@rows=\count90
\c@LT@tables=\count91
\c@LT@chunks=\count92
\LT@p@ftn=\toks15
)
Class scrartcl Info: longtable captions redefined on input line 3.

(./output.aux

LaTeX Warning: Label `table:coefficients' multiply defined.

)
\openout1 = `output.aux'.

LaTeX Font Info:    Checking defaults for OML/cmm/m/it on input line 4.
LaTeX Font Info:    ... okay on input line 4.
LaTeX Font Info:    Checking defaults for T1/cmr/m/n on input line 4.
LaTeX Font Info:    ... okay on input line 4.
LaTeX Font Info:    Checking defaults for OT1/cmr/m/n on input line 4.
LaTeX Font Info:    ... okay on input line 4.
LaTeX Font Info:    Checking defaults for OMS/cmsy/m/n on input line 4.
LaTeX Font Info:    ... okay on input line 4.
LaTeX Font Info:    Checking defaults for OMX/cmex/m/n on input line 4.
LaTeX Font Info:    ... okay on input line 4.
LaTeX Font Info:    Checking defaults for U/cmr/m/n on input line 4.
LaTeX Font Info:    ... okay on input line 4.
 (./reproduction.tex
Overfull \hbox (39.46709pt too wide) in alignment at lines 3--7
 [] [] [] [] [] [] [] [] 
 []


Overfull \hbox (39.46709pt too wide) in alignment at lines 7--11
 [] [] [] [] [] [] [] [] 
 []


Overfull \hbox (39.46709pt too wide) in alignment at lines 11--13
 [] [] [] [] [] [] [] [] 
 []

LaTeX Font Info:    External font `cmex10' loaded for size
(Font)              <8> on input line 15.
LaTeX Font Info:    External font `cmex10' loaded for size
(Font)              <6> on input line 15.
LaTeX Font Info:    External font `cmex10' loaded for size
(Font)              <5> on input line 15.

Overfull \hbox (39.46709pt too wide) in alignment at lines 13--18
 [] [] [] [] [] [] [] [] 
 []

LaTeX Font Info:    External font `cmex10' loaded for size
(Font)              <10.95> on input line 19.

Overfull \hbox (39.46709pt too wide) in alignment at lines 18--39
 [] [] [] [] [] [] [] [] 
 []


Overfull \hbox (39.46709pt too wide) in alignment at lines 39--59
 [] [] [] [] [] [] [] [] 
 []


Overfull \hbox (39.46709pt too wide) in alignment at lines 59--79
 [] [] [] [] [] [] [] [] 
 []


Overfull \hbox (39.46709pt too wide) in alignment at lines 79--99
 [] [] [] [] [] [] [] [] 
 []

[1

{/usr/local/texlive/2017/texmf-var/fonts/map/pdftex/updmap/pdftex.map}]
Overfull \hbox (39.46709pt too wide) in alignment at lines 99--105
 [] [] [] [] [] [] [] [] 
 []

[2]) (./first_run.tex
Overfull \hbox (58.34233pt too wide) in alignment at lines 3--7
 [] [] [] [] [] [] [] [] 
 []


Overfull \hbox (58.34233pt too wide) in alignment at lines 7--11
 [] [] [] [] [] [] [] [] 
 []


Overfull \hbox (58.34233pt too wide) in alignment at lines 11--13
 [] [] [] [] [] [] [] [] 
 []


Overfull \hbox (58.34233pt too wide) in alignment at lines 13--18
 [] [] [] [] [] [] [] [] 
 []


Overfull \hbox (58.34233pt too wide) in alignment at lines 18--39
 [] [] [] [] [] [] [] [] 
 []


Overfull \hbox (58.34233pt too wide) in alignment at lines 39--43
 [] [] [] [] [] [] [] [] 
 []

) [3] (./output.aux)

LaTeX Warning: There were multiply-defined labels.

 ) 
Here is how much of TeX's memory you used:
 2140 strings out of 492995
 40097 string characters out of 6132704
 213646 words of memory out of 5000000
 5742 multiletter control sequences out of 15000+600000
 6379 words of font info for 23 fonts, out of 8000000 for 9000
 1141 hyphenation exceptions out of 8191
 41i,6n,51p,8846b,296s stack positions out of 5000i,500n,10000p,200000b,80000s
</usr/local/texlive/2017/texmf-dist/fonts/type1/public/amsfonts/cm/cmmi10.pfb
></usr/local/texlive/2017/texmf-dist/fonts/type1/public/amsfonts/cm/cmmi8.pfb><
/usr/local/texlive/2017/texmf-dist/fonts/type1/public/amsfonts/cm/cmr10.pfb></u
sr/local/texlive/2017/texmf-dist/fonts/type1/public/amsfonts/cm/cmr8.pfb></usr/
local/texlive/2017/texmf-dist/fonts/type1/public/amsfonts/cm/cmsy10.pfb></usr/l
ocal/texlive/2017/texmf-dist/fonts/type1/public/amsfonts/cm/cmsy6.pfb></usr/loc
al/texlive/2017/texmf-dist/fonts/type1/public/amsfonts/cm/cmsy8.pfb>
Output written on output.pdf (3 pages, 70069 bytes).
PDF statistics:
 42 PDF objects out of 1000 (max. 8388607)
 29 compressed objects within 1 object stream
 0 named destinations out of 1000 (max. 500000)
 1 words of extra memory for PDF output out of 10000 (max. 10000000)

